\BOOKMARK [0][-]{chapter.1}{\376\377\000O\000p\000t\000i\000m\000i\000z\000a\000i\000t\000o\000n}{}% 1
\BOOKMARK [1][-]{section.1.1}{\376\377\151\202\137\365\000\046\133\232\116\111}{chapter.1}% 2
\BOOKMARK [1][-]{section.1.2}{\376\377\122\006\137\017\211\304\122\022\000\040\000\050\000F\000r\000a\000c\000t\000i\000o\000n\000a\000l\000\040\000P\000r\000o\000g\000r\000a\000m\000m\000i\000n\000g\000\051\000:\000\040\000D\000i\000n\000k\000e\000l\000b\000a\000c\000h\000\040\173\227\154\325}{chapter.1}% 3
\BOOKMARK [1][-]{section.1.3}{\376\377\221\111\116\015\123\330\140\047}{chapter.1}% 4
\BOOKMARK [1][-]{section.1.4}{\376\377\123\330\122\006\116\015\173\111\137\017}{chapter.1}% 5
\BOOKMARK [1][-]{section.1.5}{\376\377\121\370\166\204\173\111\116\367\122\073\165\073}{chapter.1}% 6
\BOOKMARK [1][-]{section.1.6}{\376\377\137\072\121\370\121\375\145\160\166\204\173\111\116\367\122\073\165\073}{chapter.1}% 7
\BOOKMARK [1][-]{section.1.7}{\376\377\164\006\213\272\117\235\143\156\377\032\116\000\226\066\147\141\116\366\116\013\150\257\136\246\116\013\226\115\116\072\117\125\116\000\133\232\116\013\226\115\377\037}{chapter.1}% 8
\BOOKMARK [1][-]{section.1.8}{\376\377\150\257\136\246\116\013\226\115\154\325\116\055\166\204\153\145\225\177\122\006\147\220\116\016\145\066\145\133\220\037\136\246}{chapter.1}% 9
\BOOKMARK [2][-]{subsection.1.8.1}{\376\377\225\356\230\230\213\276\133\232\116\016\127\372\170\100\147\141\116\366}{section.1.8}% 10
\BOOKMARK [2][-]{subsection.1.8.2}{\376\377\153\145\225\177\000\040\000<\000\040\0002\000L\000\040\117\335\213\301\116\013\226\115}{section.1.8}% 11
\BOOKMARK [2][-]{subsection.1.8.3}{\376\377\153\145\225\177\000\040\0001\000L\000\040\142\115\200\375\143\250\121\372\000\040\000O\000\050\0001\000/\000k\000\051\000\040\145\066\145\133}{section.1.8}% 12
\BOOKMARK [2][-]{subsection.1.8.4}{\376\377\213\357\135\356\176\277\140\047\145\066\145\133\166\204\147\141\116\366\116\016\147\000\117\030\153\145\225\177}{section.1.8}% 13
\BOOKMARK [1][-]{section.1.9}{\376\377\213\357\135\356\145\066\177\051\116\016\176\277\140\047\123\026\173\227\133\120\214\061\123\112\137\204\166\204\121\163\174\373}{chapter.1}% 14
\BOOKMARK [1][-]{section.1.10}{\376\377\117\030\123\026\173\227\154\325\145\066\145\133\140\047\213\301\146\016\150\106\147\266\166\204\116\044\174\173\145\271\154\325}{chapter.1}% 15
\BOOKMARK [2][-]{subsection.1.10.1}{\376\377\116\015\122\250\160\271\174\173}{section.1.10}% 16
\BOOKMARK [2][-]{subsection.1.10.2}{\376\377\200\375\221\317\121\375\145\160\174\173}{section.1.10}% 17
\BOOKMARK [1][-]{section.1.11}{\376\377\000D\000o\000u\000g\000l\000a\000s\000-\000R\000a\000c\000h\000f\000o\000r\000d\000\040\122\006\210\302\173\227\154\325\166\204\173\111\116\367\137\142\137\017}{chapter.1}% 18
\BOOKMARK [2][-]{subsection.1.11.1}{\376\377\145\066\145\133\140\047\122\006\147\220}{section.1.11}% 19
\BOOKMARK [1][-]{section.1.12}{\376\377\145\066\145\133\140\047\122\006\147\220\377\032\127\372\116\216\000M\000a\000n\000n\217\355\116\343\166\204\000D\000o\000u\000g\000l\000a\000s\040\023\000R\000a\000c\000h\000f\000o\000r\000d\173\227\154\325}{chapter.1}% 20
\BOOKMARK [2][-]{subsection.1.12.1}{\376\377\000D\000R\173\227\154\325\166\204\173\111\116\367\217\355\116\343\137\142\137\017}{section.1.12}% 21
\BOOKMARK [2][-]{subsection.1.12.2}{\376\377\147\000\131\047\123\125\214\003\140\047\120\107\213\276\116\016\176\246\147\137\215\104\150\074}{section.1.12}% 22
\BOOKMARK [2][-]{subsection.1.12.3}{\376\377\000O\000p\000i\000a\000l\137\025\164\006}{section.1.12}% 23
\BOOKMARK [2][-]{subsection.1.12.4}{\376\377\000M\000a\000n\000n\217\355\116\343\116\016\227\136\142\151\137\040\173\227\133\120}{section.1.12}% 24
\BOOKMARK [2][-]{subsection.1.12.5}{\376\377\000D\000R\145\066\145\133\140\047\133\232\164\006}{section.1.12}% 25
\BOOKMARK [1][-]{section.1.13}{\376\377\121\150\136\217\122\027\145\066\145\133\166\204\136\070\165\050\142\200\135\347}{chapter.1}% 26
\BOOKMARK [1][-]{section.1.14}{\376\377\000S\000c\000a\000l\000i\000n\000g\000\040\177\051\145\076\142\200\135\347}{chapter.1}% 27
\BOOKMARK [1][-]{section.1.15}{\376\377\000K\000u\000r\000d\000y\000k\000a\000-\001\101\000o\000j\000a\000s\000i\000e\000w\000i\000c\000z\000\040\147\141\116\366}{chapter.1}% 28
\BOOKMARK [1][-]{section.1.16}{\376\377\000F\000a\000r\000k\000a\000s\000\040\137\025\164\006}{chapter.1}% 29
\BOOKMARK [1][-]{section.1.17}{\376\377\122\250\221\317\154\325\116\016\131\026\143\250\153\145}{chapter.1}% 30
\BOOKMARK [2][-]{subsection.1.17.1}{\376\377\131\032\230\171\137\017\221\315\164\003\154\325\000\040\000\050\000P\000o\000l\000y\000a\000k\000'\000s\000\040\000H\000e\000a\000v\000y\000\040\000B\000a\000l\000l\000\051}{section.1.17}% 31
\BOOKMARK [2][-]{subsection.1.17.2}{\376\377\000N\000e\000s\000t\000e\000r\000o\000v\000\040\122\240\220\037\150\257\136\246\154\325\000\040\000\050\000N\000A\000G\000\051}{section.1.17}% 32
\BOOKMARK [2][-]{subsection.1.17.3}{\376\377\131\026\143\250\154\325\000\040\000\050\000E\000x\000t\000r\000a\000p\000o\000l\000a\000t\000i\000o\000n\000\040\000M\000e\000t\000h\000o\000d\000\051}{section.1.17}% 33
\BOOKMARK [2][-]{subsection.1.17.4}{\376\377\217\336\176\355\145\366\225\364\211\306\211\322\377\032\000O\000D\000E\000\040\143\250\133\374\116\016\156\020\226\220\226\073\134\074}{section.1.17}% 34
\BOOKMARK [2][-]{subsection.1.17.5}{\376\377\140\073\176\323\133\371\153\324}{section.1.17}% 35
\BOOKMARK [0][-]{chapter.2}{\376\377\000D\000i\000f\000f\000u\000t\000i\000o\000n}{}% 36
\BOOKMARK [1][-]{section.2.1}{\376\377\000F\000l\000o\000w\000\040\000M\000a\000t\000c\000h\000i\000n\000g\000\040\116\055\217\271\177\030\220\037\136\246\127\072\121\154\137\017\166\204\143\250\133\374\116\016\164\006\211\343}{chapter.2}% 37
\BOOKMARK [2][-]{subsection.2.1.1}{\376\377\145\160\133\146\143\250\133\374\377\032\127\372\116\216\217\336\176\355\140\047\145\271\172\013}{section.2.1}% 38
\BOOKMARK [2][-]{subsection.2.1.2}{\376\377\000\040\166\364\211\302\162\151\164\006\164\006\211\343}{section.2.1}% 39
\BOOKMARK [1][-]{section.2.2}{\376\377\116\316\000s\000d\000e\122\060\000o\000d\000e}{chapter.2}% 40
\BOOKMARK [2][-]{subsection.2.2.1}{\376\377\145\271\154\325\116\000}{section.2.2}% 41
\BOOKMARK [2][-]{subsection.2.2.2}{\376\377\145\271\154\325\116\214}{section.2.2}% 42
\BOOKMARK [1][-]{section.2.3}{\376\377\142\151\145\143\152\041\127\213\150\070\137\303\147\266\147\204}{chapter.2}% 43
\BOOKMARK [2][-]{subsection.2.3.1}{\376\377\000U\000-\000n\000e\000t}{section.2.3}% 44
\BOOKMARK [1][-]{section.2.4}{\376\377\127\372\116\216\137\072\123\026\133\146\116\140\166\204\142\151\145\143\152\041\127\213}{chapter.2}% 45
